2025-01-11 19:30:42.290  INFO 80010 --- [main] c.e.decofolio.DecofolioApplication       : Starting DecofolioApplication using Java 17.0.8 on sinbla78.local with PID 80010 (/Users/yanghuibeom/Desktop/Meeting/Decofolio/build/classes/java/main started by yanghuibeom in /Users/yanghuibeom/Desktop/Meeting/Decofolio)
2025-01-11 19:30:42.293  INFO 80010 --- [main] c.e.decofolio.DecofolioApplication       : No active profile set, falling back to 1 default profile: "default"
2025-01-11 19:30:43.388  INFO 80010 --- [main] o.apache.catalina.core.StandardService   : Starting service [Tomcat]
2025-01-11 19:30:43.388  INFO 80010 --- [main] org.apache.catalina.core.StandardEngine  : Starting Servlet engine: [Apache Tomcat/9.0.65]
2025-01-11 19:30:43.450  INFO 80010 --- [main] o.a.c.c.C.[Tomcat].[localhost].[/]       : Initializing Spring embedded WebApplicationContext
2025-01-11 19:30:43.584  INFO 80010 --- [main] o.hibernate.jpa.internal.util.LogHelper  : HHH000204: Processing PersistenceUnitInfo [name: default]
2025-01-11 19:30:43.607  INFO 80010 --- [main] org.hibernate.Version                    : HHH000412: Hibernate ORM core version 5.6.10.Final
2025-01-11 19:30:43.676  INFO 80010 --- [main] o.hibernate.annotations.common.Version   : HCANN000001: Hibernate Commons Annotations {5.1.2.Final}
2025-01-11 19:30:43.717  INFO 80010 --- [main] com.zaxxer.hikari.HikariDataSource       : HikariPool-1 - Starting...
2025-01-11 19:30:44.316  INFO 80010 --- [main] com.zaxxer.hikari.HikariDataSource       : HikariPool-1 - Start completed.
2025-01-11 19:30:44.324  INFO 80010 --- [main] org.hibernate.dialect.Dialect            : HHH000400: Using dialect: org.hibernate.dialect.MySQL5InnoDBDialect
2025-01-11 19:30:45.456  INFO 80010 --- [main] o.h.e.t.j.p.i.JtaPlatformInitiator       : HHH000490: Using JtaPlatform implementation: [org.hibernate.engine.transaction.jta.platform.internal.NoJtaPlatform]
2025-01-11 19:30:46.530  INFO 80010 --- [main] c.e.decofolio.DecofolioApplication       : Started DecofolioApplication in 4.503 seconds (JVM running for 4.766)
2025-01-11 19:30:46.699  INFO 80010 --- [RMI TCP Connection(2)-127.0.0.1] o.a.c.c.C.[Tomcat].[localhost].[/]       : Initializing Spring DispatcherServlet 'dispatcherServlet'
2025-01-11 19:32:46.001  INFO 80010 --- [SpringApplicationShutdownHook] com.zaxxer.hikari.HikariDataSource       : HikariPool-1 - Shutdown initiated...
2025-01-11 19:32:46.789  INFO 80010 --- [SpringApplicationShutdownHook] com.zaxxer.hikari.HikariDataSource       : HikariPool-1 - Shutdown completed.
2025-01-11 19:32:50.016  INFO 80251 --- [main] c.e.decofolio.DecofolioApplication       : Starting DecofolioApplication using Java 17.0.8 on sinbla78.local with PID 80251 (/Users/yanghuibeom/Desktop/Meeting/Decofolio/build/classes/java/main started by yanghuibeom in /Users/yanghuibeom/Desktop/Meeting/Decofolio)
2025-01-11 19:32:50.017  INFO 80251 --- [main] c.e.decofolio.DecofolioApplication       : No active profile set, falling back to 1 default profile: "default"
2025-01-11 19:32:50.965  INFO 80251 --- [main] o.apache.catalina.core.StandardService   : Starting service [Tomcat]
2025-01-11 19:32:50.966  INFO 80251 --- [main] org.apache.catalina.core.StandardEngine  : Starting Servlet engine: [Apache Tomcat/9.0.65]
2025-01-11 19:32:51.020  INFO 80251 --- [main] o.a.c.c.C.[Tomcat].[localhost].[/]       : Initializing Spring embedded WebApplicationContext
2025-01-11 19:32:51.146  INFO 80251 --- [main] o.hibernate.jpa.internal.util.LogHelper  : HHH000204: Processing PersistenceUnitInfo [name: default]
2025-01-11 19:32:51.168  INFO 80251 --- [main] org.hibernate.Version                    : HHH000412: Hibernate ORM core version 5.6.10.Final
2025-01-11 19:32:51.240  INFO 80251 --- [main] o.hibernate.annotations.common.Version   : HCANN000001: Hibernate Commons Annotations {5.1.2.Final}
2025-01-11 19:32:51.281  INFO 80251 --- [main] com.zaxxer.hikari.HikariDataSource       : HikariPool-1 - Starting...
2025-01-11 19:32:51.946  INFO 80251 --- [main] com.zaxxer.hikari.HikariDataSource       : HikariPool-1 - Start completed.
2025-01-11 19:32:51.954  INFO 80251 --- [main] org.hibernate.dialect.Dialect            : HHH000400: Using dialect: org.hibernate.dialect.MySQL5InnoDBDialect
2025-01-11 19:32:53.236  INFO 80251 --- [main] o.h.e.t.j.p.i.JtaPlatformInitiator       : HHH000490: Using JtaPlatform implementation: [org.hibernate.engine.transaction.jta.platform.internal.NoJtaPlatform]
2025-01-11 19:32:54.300  INFO 80251 --- [main] c.e.decofolio.DecofolioApplication       : Started DecofolioApplication in 4.464 seconds (JVM running for 4.691)
2025-01-11 19:32:54.464  INFO 80251 --- [RMI TCP Connection(7)-127.0.0.1] o.a.c.c.C.[Tomcat].[localhost].[/]       : Initializing Spring DispatcherServlet 'dispatcherServlet'
2025-01-11 19:33:40.092  INFO 80251 --- [http-nio-8080-exec-4] o.springdoc.api.AbstractOpenApiResource  : Init duration for springdoc-openapi is: 180 ms
2025-01-11 19:46:33.480  INFO 80251 --- [SpringApplicationShutdownHook] com.zaxxer.hikari.HikariDataSource       : HikariPool-1 - Shutdown initiated...
2025-01-11 19:46:34.286  INFO 80251 --- [SpringApplicationShutdownHook] com.zaxxer.hikari.HikariDataSource       : HikariPool-1 - Shutdown completed.
2025-01-11 19:46:37.633  INFO 81604 --- [main] c.e.decofolio.DecofolioApplication       : Starting DecofolioApplication using Java 17.0.8 on sinbla78.local with PID 81604 (/Users/yanghuibeom/Desktop/Meeting/Decofolio/build/classes/java/main started by yanghuibeom in /Users/yanghuibeom/Desktop/Meeting/Decofolio)
2025-01-11 19:46:37.634  INFO 81604 --- [main] c.e.decofolio.DecofolioApplication       : No active profile set, falling back to 1 default profile: "default"
2025-01-11 19:46:38.535  INFO 81604 --- [main] o.apache.catalina.core.StandardService   : Starting service [Tomcat]
2025-01-11 19:46:38.535  INFO 81604 --- [main] org.apache.catalina.core.StandardEngine  : Starting Servlet engine: [Apache Tomcat/9.0.65]
2025-01-11 19:46:38.591  INFO 81604 --- [main] o.a.c.c.C.[Tomcat].[localhost].[/]       : Initializing Spring embedded WebApplicationContext
2025-01-11 19:46:38.720  INFO 81604 --- [main] o.hibernate.jpa.internal.util.LogHelper  : HHH000204: Processing PersistenceUnitInfo [name: default]
2025-01-11 19:46:38.741  INFO 81604 --- [main] org.hibernate.Version                    : HHH000412: Hibernate ORM core version 5.6.10.Final
2025-01-11 19:46:38.810  INFO 81604 --- [main] o.hibernate.annotations.common.Version   : HCANN000001: Hibernate Commons Annotations {5.1.2.Final}
2025-01-11 19:46:38.850  INFO 81604 --- [main] com.zaxxer.hikari.HikariDataSource       : HikariPool-1 - Starting...
2025-01-11 19:46:39.486  INFO 81604 --- [main] com.zaxxer.hikari.HikariDataSource       : HikariPool-1 - Start completed.
2025-01-11 19:46:39.494  INFO 81604 --- [main] org.hibernate.dialect.Dialect            : HHH000400: Using dialect: org.hibernate.dialect.MySQL5InnoDBDialect
2025-01-11 19:46:40.776  INFO 81604 --- [main] o.h.e.t.j.p.i.JtaPlatformInitiator       : HHH000490: Using JtaPlatform implementation: [org.hibernate.engine.transaction.jta.platform.internal.NoJtaPlatform]
2025-01-11 19:46:41.732  INFO 81604 --- [main] c.e.decofolio.DecofolioApplication       : Started DecofolioApplication in 4.275 seconds (JVM running for 4.504)
2025-01-11 19:46:41.942  INFO 81604 --- [RMI TCP Connection(5)-127.0.0.1] o.a.c.c.C.[Tomcat].[localhost].[/]       : Initializing Spring DispatcherServlet 'dispatcherServlet'
2025-01-11 19:48:31.886  INFO 81604 --- [SpringApplicationShutdownHook] com.zaxxer.hikari.HikariDataSource       : HikariPool-1 - Shutdown initiated...
2025-01-11 19:48:32.385  INFO 81604 --- [SpringApplicationShutdownHook] com.zaxxer.hikari.HikariDataSource       : HikariPool-1 - Shutdown completed.
2025-01-11 19:48:35.352  INFO 81787 --- [main] c.e.decofolio.DecofolioApplication       : Starting DecofolioApplication using Java 17.0.8 on sinbla78.local with PID 81787 (/Users/yanghuibeom/Desktop/Meeting/Decofolio/build/classes/java/main started by yanghuibeom in /Users/yanghuibeom/Desktop/Meeting/Decofolio)
2025-01-11 19:48:35.354  INFO 81787 --- [main] c.e.decofolio.DecofolioApplication       : No active profile set, falling back to 1 default profile: "default"
2025-01-11 19:48:36.277  INFO 81787 --- [main] o.apache.catalina.core.StandardService   : Starting service [Tomcat]
2025-01-11 19:48:36.277  INFO 81787 --- [main] org.apache.catalina.core.StandardEngine  : Starting Servlet engine: [Apache Tomcat/9.0.65]
2025-01-11 19:48:36.331  INFO 81787 --- [main] o.a.c.c.C.[Tomcat].[localhost].[/]       : Initializing Spring embedded WebApplicationContext
2025-01-11 19:48:36.460  INFO 81787 --- [main] o.hibernate.jpa.internal.util.LogHelper  : HHH000204: Processing PersistenceUnitInfo [name: default]
2025-01-11 19:48:36.502  INFO 81787 --- [main] org.hibernate.Version                    : HHH000412: Hibernate ORM core version 5.6.10.Final
2025-01-11 19:48:36.583  INFO 81787 --- [main] o.hibernate.annotations.common.Version   : HCANN000001: Hibernate Commons Annotations {5.1.2.Final}
2025-01-11 19:48:36.622  INFO 81787 --- [main] com.zaxxer.hikari.HikariDataSource       : HikariPool-1 - Starting...
2025-01-11 19:48:37.276  INFO 81787 --- [main] com.zaxxer.hikari.HikariDataSource       : HikariPool-1 - Start completed.
2025-01-11 19:48:37.284  INFO 81787 --- [main] org.hibernate.dialect.Dialect            : HHH000400: Using dialect: org.hibernate.dialect.MySQL5InnoDBDialect
2025-01-11 19:48:38.415  INFO 81787 --- [main] o.h.e.t.j.p.i.JtaPlatformInitiator       : HHH000490: Using JtaPlatform implementation: [org.hibernate.engine.transaction.jta.platform.internal.NoJtaPlatform]
2025-01-11 19:48:39.441  INFO 81787 --- [main] c.e.decofolio.DecofolioApplication       : Started DecofolioApplication in 4.299 seconds (JVM running for 4.529)
2025-01-11 19:48:39.789  INFO 81787 --- [RMI TCP Connection(3)-127.0.0.1] o.a.c.c.C.[Tomcat].[localhost].[/]       : Initializing Spring DispatcherServlet 'dispatcherServlet'
2025-01-11 19:49:57.968  INFO 81787 --- [SpringApplicationShutdownHook] com.zaxxer.hikari.HikariDataSource       : HikariPool-1 - Shutdown initiated...
2025-01-11 19:49:58.711  INFO 81787 --- [SpringApplicationShutdownHook] com.zaxxer.hikari.HikariDataSource       : HikariPool-1 - Shutdown completed.
2025-01-11 19:50:01.593  INFO 81961 --- [main] c.e.decofolio.DecofolioApplication       : Starting DecofolioApplication using Java 17.0.8 on sinbla78.local with PID 81961 (/Users/yanghuibeom/Desktop/Meeting/Decofolio/build/classes/java/main started by yanghuibeom in /Users/yanghuibeom/Desktop/Meeting/Decofolio)
2025-01-11 19:50:01.594  INFO 81961 --- [main] c.e.decofolio.DecofolioApplication       : No active profile set, falling back to 1 default profile: "default"
2025-01-11 19:50:02.514  INFO 81961 --- [main] o.apache.catalina.core.StandardService   : Starting service [Tomcat]
2025-01-11 19:50:02.514  INFO 81961 --- [main] org.apache.catalina.core.StandardEngine  : Starting Servlet engine: [Apache Tomcat/9.0.65]
2025-01-11 19:50:02.565  INFO 81961 --- [main] o.a.c.c.C.[Tomcat].[localhost].[/]       : Initializing Spring embedded WebApplicationContext
2025-01-11 19:50:02.732  INFO 81961 --- [main] o.hibernate.jpa.internal.util.LogHelper  : HHH000204: Processing PersistenceUnitInfo [name: default]
2025-01-11 19:50:02.756  INFO 81961 --- [main] org.hibernate.Version                    : HHH000412: Hibernate ORM core version 5.6.10.Final
2025-01-11 19:50:02.832  INFO 81961 --- [main] o.hibernate.annotations.common.Version   : HCANN000001: Hibernate Commons Annotations {5.1.2.Final}
2025-01-11 19:50:02.872  INFO 81961 --- [main] com.zaxxer.hikari.HikariDataSource       : HikariPool-1 - Starting...
2025-01-11 19:50:03.497  INFO 81961 --- [main] com.zaxxer.hikari.HikariDataSource       : HikariPool-1 - Start completed.
2025-01-11 19:50:03.506  INFO 81961 --- [main] org.hibernate.dialect.Dialect            : HHH000400: Using dialect: org.hibernate.dialect.MySQL5InnoDBDialect
2025-01-11 19:50:04.688  INFO 81961 --- [main] o.h.e.t.j.p.i.JtaPlatformInitiator       : HHH000490: Using JtaPlatform implementation: [org.hibernate.engine.transaction.jta.platform.internal.NoJtaPlatform]
2025-01-11 19:50:05.648  INFO 81961 --- [main] c.e.decofolio.DecofolioApplication       : Started DecofolioApplication in 4.242 seconds (JVM running for 4.468)
2025-01-11 19:50:06.059  INFO 81961 --- [RMI TCP Connection(6)-127.0.0.1] o.a.c.c.C.[Tomcat].[localhost].[/]       : Initializing Spring DispatcherServlet 'dispatcherServlet'
2025-01-11 19:50:18.522  INFO 81961 --- [http-nio-8080-exec-3] o.springdoc.api.AbstractOpenApiResource  : Init duration for springdoc-openapi is: 178 ms
2025-01-11 20:03:06.814  INFO 81961 --- [SpringApplicationShutdownHook] com.zaxxer.hikari.HikariDataSource       : HikariPool-1 - Shutdown initiated...
2025-01-11 20:03:07.185  INFO 81961 --- [SpringApplicationShutdownHook] com.zaxxer.hikari.HikariDataSource       : HikariPool-1 - Shutdown completed.
2025-01-11 20:03:10.711  INFO 83254 --- [main] c.e.decofolio.DecofolioApplication       : Starting DecofolioApplication using Java 17.0.8 on sinbla78.local with PID 83254 (/Users/yanghuibeom/Desktop/Meeting/Decofolio/build/classes/java/main started by yanghuibeom in /Users/yanghuibeom/Desktop/Meeting/Decofolio)
2025-01-11 20:03:10.712  INFO 83254 --- [main] c.e.decofolio.DecofolioApplication       : No active profile set, falling back to 1 default profile: "default"
2025-01-11 20:03:11.603  INFO 83254 --- [main] o.apache.catalina.core.StandardService   : Starting service [Tomcat]
2025-01-11 20:03:11.603  INFO 83254 --- [main] org.apache.catalina.core.StandardEngine  : Starting Servlet engine: [Apache Tomcat/9.0.65]
2025-01-11 20:03:11.658  INFO 83254 --- [main] o.a.c.c.C.[Tomcat].[localhost].[/]       : Initializing Spring embedded WebApplicationContext
2025-01-11 20:03:11.788  INFO 83254 --- [main] o.hibernate.jpa.internal.util.LogHelper  : HHH000204: Processing PersistenceUnitInfo [name: default]
2025-01-11 20:03:11.810  INFO 83254 --- [main] org.hibernate.Version                    : HHH000412: Hibernate ORM core version 5.6.10.Final
2025-01-11 20:03:11.877  INFO 83254 --- [main] o.hibernate.annotations.common.Version   : HCANN000001: Hibernate Commons Annotations {5.1.2.Final}
2025-01-11 20:03:11.914  INFO 83254 --- [main] com.zaxxer.hikari.HikariDataSource       : HikariPool-1 - Starting...
2025-01-11 20:03:12.345  INFO 83254 --- [main] com.zaxxer.hikari.HikariDataSource       : HikariPool-1 - Start completed.
2025-01-11 20:03:12.356  INFO 83254 --- [main] org.hibernate.dialect.Dialect            : HHH000400: Using dialect: org.hibernate.dialect.MySQL5InnoDBDialect
2025-01-11 20:03:13.249  INFO 83254 --- [main] o.h.e.t.j.p.i.JtaPlatformInitiator       : HHH000490: Using JtaPlatform implementation: [org.hibernate.engine.transaction.jta.platform.internal.NoJtaPlatform]
2025-01-11 20:03:14.281  INFO 83254 --- [main] c.e.decofolio.DecofolioApplication       : Started DecofolioApplication in 3.744 seconds (JVM running for 3.971)
2025-01-11 20:03:14.691  INFO 83254 --- [RMI TCP Connection(4)-127.0.0.1] o.a.c.c.C.[Tomcat].[localhost].[/]       : Initializing Spring DispatcherServlet 'dispatcherServlet'
2025-01-11 21:02:33.124  INFO 89518 --- [main] c.e.decofolio.DecofolioApplication       : Starting DecofolioApplication using Java 17.0.8 on sinbla78.local with PID 89518 (/Users/yanghuibeom/Desktop/Meeting/Decofolio/build/classes/java/main started by yanghuibeom in /Users/yanghuibeom/Desktop/Meeting/Decofolio)
2025-01-11 21:02:33.125  INFO 89518 --- [main] c.e.decofolio.DecofolioApplication       : No active profile set, falling back to 1 default profile: "default"
2025-01-11 21:02:33.367  INFO 89521 --- [main] c.e.decofolio.DecofolioApplication       : Starting DecofolioApplication using Java 17.0.8 on sinbla78.local with PID 89521 (/Users/yanghuibeom/Desktop/Meeting/Decofolio/build/classes/java/main started by yanghuibeom in /Users/yanghuibeom/Desktop/Meeting/Decofolio)
2025-01-11 21:02:33.368  INFO 89521 --- [main] c.e.decofolio.DecofolioApplication       : No active profile set, falling back to 1 default profile: "default"
2025-01-11 21:02:34.057  INFO 89518 --- [main] o.apache.catalina.core.StandardService   : Starting service [Tomcat]
2025-01-11 21:02:34.058  INFO 89518 --- [main] org.apache.catalina.core.StandardEngine  : Starting Servlet engine: [Apache Tomcat/9.0.65]
2025-01-11 21:02:34.106  INFO 89518 --- [main] o.a.c.c.C.[Tomcat].[localhost].[/]       : Initializing Spring embedded WebApplicationContext
2025-01-11 21:02:34.163  INFO 89521 --- [main] o.apache.catalina.core.StandardService   : Starting service [Tomcat]
2025-01-11 21:02:34.163  INFO 89521 --- [main] org.apache.catalina.core.StandardEngine  : Starting Servlet engine: [Apache Tomcat/9.0.65]
2025-01-11 21:02:34.205  INFO 89521 --- [main] o.a.c.c.C.[Tomcat].[localhost].[/]       : Initializing Spring embedded WebApplicationContext
2025-01-11 21:02:34.232  INFO 89518 --- [main] o.hibernate.jpa.internal.util.LogHelper  : HHH000204: Processing PersistenceUnitInfo [name: default]
2025-01-11 21:02:34.254  INFO 89518 --- [main] org.hibernate.Version                    : HHH000412: Hibernate ORM core version 5.6.10.Final
2025-01-11 21:02:34.320  INFO 89521 --- [main] o.hibernate.jpa.internal.util.LogHelper  : HHH000204: Processing PersistenceUnitInfo [name: default]
2025-01-11 21:02:34.325  INFO 89518 --- [main] o.hibernate.annotations.common.Version   : HCANN000001: Hibernate Commons Annotations {5.1.2.Final}
2025-01-11 21:02:34.337  INFO 89521 --- [main] org.hibernate.Version                    : HHH000412: Hibernate ORM core version 5.6.10.Final
2025-01-11 21:02:34.362  INFO 89518 --- [main] com.zaxxer.hikari.HikariDataSource       : HikariPool-1 - Starting...
2025-01-11 21:02:34.394  INFO 89521 --- [main] o.hibernate.annotations.common.Version   : HCANN000001: Hibernate Commons Annotations {5.1.2.Final}
2025-01-11 21:02:34.427  INFO 89521 --- [main] com.zaxxer.hikari.HikariDataSource       : HikariPool-1 - Starting...
2025-01-11 21:02:34.914  INFO 89518 --- [main] com.zaxxer.hikari.HikariDataSource       : HikariPool-1 - Start completed.
2025-01-11 21:02:34.921  INFO 89518 --- [main] org.hibernate.dialect.Dialect            : HHH000400: Using dialect: org.hibernate.dialect.MySQL5InnoDBDialect
2025-01-11 21:02:35.028  INFO 89521 --- [main] com.zaxxer.hikari.HikariDataSource       : HikariPool-1 - Start completed.
2025-01-11 21:02:35.036  INFO 89521 --- [main] org.hibernate.dialect.Dialect            : HHH000400: Using dialect: org.hibernate.dialect.MySQL5InnoDBDialect
2025-01-11 21:02:36.070  INFO 89518 --- [main] o.h.e.t.j.p.i.JtaPlatformInitiator       : HHH000490: Using JtaPlatform implementation: [org.hibernate.engine.transaction.jta.platform.internal.NoJtaPlatform]
2025-01-11 21:02:36.171  INFO 89521 --- [main] o.h.e.t.j.p.i.JtaPlatformInitiator       : HHH000490: Using JtaPlatform implementation: [org.hibernate.engine.transaction.jta.platform.internal.NoJtaPlatform]
2025-01-11 21:02:37.034  INFO 89521 --- [main] c.e.decofolio.DecofolioApplication       : Started DecofolioApplication in 3.841 seconds (JVM running for 4.055)
2025-01-11 21:02:37.144  INFO 89518 --- [main] com.zaxxer.hikari.HikariDataSource       : HikariPool-1 - Shutdown initiated...
2025-01-11 21:02:37.328  INFO 89521 --- [RMI TCP Connection(1)-127.0.0.1] o.a.c.c.C.[Tomcat].[localhost].[/]       : Initializing Spring DispatcherServlet 'dispatcherServlet'
2025-01-11 21:02:37.868  INFO 89518 --- [main] com.zaxxer.hikari.HikariDataSource       : HikariPool-1 - Shutdown completed.
2025-01-11 21:02:37.871  INFO 89518 --- [main] o.apache.catalina.core.StandardService   : Stopping service [Tomcat]
2025-01-11 21:02:37.895 ERROR 89518 --- [main] o.s.b.d.LoggingFailureAnalysisReporter   : 

***************************
APPLICATION FAILED TO START
***************************

Description:

Web server failed to start. Port 8080 was already in use.

Action:

Identify and stop the process that's listening on port 8080 or configure this application to listen on another port.

2025-01-11 21:02:42.913  INFO 89521 --- [http-nio-8080-exec-10] o.springdoc.api.AbstractOpenApiResource  : Init duration for springdoc-openapi is: 141 ms
2025-01-11 21:05:34.814  INFO 89521 --- [SpringApplicationShutdownHook] com.zaxxer.hikari.HikariDataSource       : HikariPool-1 - Shutdown initiated...
2025-01-11 21:05:35.298  INFO 89521 --- [SpringApplicationShutdownHook] com.zaxxer.hikari.HikariDataSource       : HikariPool-1 - Shutdown completed.
2025-01-11 21:05:37.934  INFO 89865 --- [main] c.e.decofolio.DecofolioApplication       : Starting DecofolioApplication using Java 17.0.8 on sinbla78.local with PID 89865 (/Users/yanghuibeom/Desktop/Meeting/Decofolio/build/classes/java/main started by yanghuibeom in /Users/yanghuibeom/Desktop/Meeting/Decofolio)
2025-01-11 21:05:37.935  INFO 89865 --- [main] c.e.decofolio.DecofolioApplication       : No active profile set, falling back to 1 default profile: "default"
2025-01-11 21:05:38.751  INFO 89865 --- [main] o.apache.catalina.core.StandardService   : Starting service [Tomcat]
2025-01-11 21:05:38.751  INFO 89865 --- [main] org.apache.catalina.core.StandardEngine  : Starting Servlet engine: [Apache Tomcat/9.0.65]
2025-01-11 21:05:38.808  INFO 89865 --- [main] o.a.c.c.C.[Tomcat].[localhost].[/]       : Initializing Spring embedded WebApplicationContext
2025-01-11 21:05:38.916  INFO 89865 --- [main] o.hibernate.jpa.internal.util.LogHelper  : HHH000204: Processing PersistenceUnitInfo [name: default]
2025-01-11 21:05:38.934  INFO 89865 --- [main] org.hibernate.Version                    : HHH000412: Hibernate ORM core version 5.6.10.Final
2025-01-11 21:05:38.992  INFO 89865 --- [main] o.hibernate.annotations.common.Version   : HCANN000001: Hibernate Commons Annotations {5.1.2.Final}
2025-01-11 21:05:39.029  INFO 89865 --- [main] com.zaxxer.hikari.HikariDataSource       : HikariPool-1 - Starting...
2025-01-11 21:05:39.825  INFO 89865 --- [main] com.zaxxer.hikari.HikariDataSource       : HikariPool-1 - Start completed.
2025-01-11 21:05:39.832  INFO 89865 --- [main] org.hibernate.dialect.Dialect            : HHH000400: Using dialect: org.hibernate.dialect.MySQL5InnoDBDialect
2025-01-11 21:05:40.973  INFO 89865 --- [main] o.h.e.t.j.p.i.JtaPlatformInitiator       : HHH000490: Using JtaPlatform implementation: [org.hibernate.engine.transaction.jta.platform.internal.NoJtaPlatform]
2025-01-11 21:05:41.826  INFO 89865 --- [main] c.e.decofolio.DecofolioApplication       : Started DecofolioApplication in 4.05 seconds (JVM running for 4.242)
2025-01-11 21:05:41.862  INFO 89865 --- [RMI TCP Connection(5)-127.0.0.1] o.a.c.c.C.[Tomcat].[localhost].[/]       : Initializing Spring DispatcherServlet 'dispatcherServlet'
2025-01-11 21:05:42.347  INFO 89865 --- [http-nio-8080-exec-4] o.springdoc.api.AbstractOpenApiResource  : Init duration for springdoc-openapi is: 161 ms
2025-01-11 21:10:22.590  INFO 89865 --- [SpringApplicationShutdownHook] com.zaxxer.hikari.HikariDataSource       : HikariPool-1 - Shutdown initiated...
2025-01-11 21:10:23.229  INFO 89865 --- [SpringApplicationShutdownHook] com.zaxxer.hikari.HikariDataSource       : HikariPool-1 - Shutdown completed.
2025-01-11 21:10:25.686  INFO 90296 --- [main] c.e.decofolio.DecofolioApplication       : Starting DecofolioApplication using Java 17.0.8 on sinbla78.local with PID 90296 (/Users/yanghuibeom/Desktop/Meeting/Decofolio/build/classes/java/main started by yanghuibeom in /Users/yanghuibeom/Desktop/Meeting/Decofolio)
2025-01-11 21:10:25.687  INFO 90296 --- [main] c.e.decofolio.DecofolioApplication       : No active profile set, falling back to 1 default profile: "default"
2025-01-11 21:10:26.544  INFO 90296 --- [main] o.apache.catalina.core.StandardService   : Starting service [Tomcat]
2025-01-11 21:10:26.544  INFO 90296 --- [main] org.apache.catalina.core.StandardEngine  : Starting Servlet engine: [Apache Tomcat/9.0.65]
2025-01-11 21:10:26.596  INFO 90296 --- [main] o.a.c.c.C.[Tomcat].[localhost].[/]       : Initializing Spring embedded WebApplicationContext
2025-01-11 21:10:26.702  INFO 90296 --- [main] o.hibernate.jpa.internal.util.LogHelper  : HHH000204: Processing PersistenceUnitInfo [name: default]
2025-01-11 21:10:26.720  INFO 90296 --- [main] org.hibernate.Version                    : HHH000412: Hibernate ORM core version 5.6.10.Final
2025-01-11 21:10:26.782  INFO 90296 --- [main] o.hibernate.annotations.common.Version   : HCANN000001: Hibernate Commons Annotations {5.1.2.Final}
2025-01-11 21:10:26.815  INFO 90296 --- [main] com.zaxxer.hikari.HikariDataSource       : HikariPool-1 - Starting...
2025-01-11 21:10:27.493  INFO 90296 --- [main] com.zaxxer.hikari.HikariDataSource       : HikariPool-1 - Start completed.
2025-01-11 21:10:27.504  INFO 90296 --- [main] org.hibernate.dialect.Dialect            : HHH000400: Using dialect: org.hibernate.dialect.MySQL5InnoDBDialect
2025-01-11 21:10:28.808  INFO 90296 --- [main] o.h.e.t.j.p.i.JtaPlatformInitiator       : HHH000490: Using JtaPlatform implementation: [org.hibernate.engine.transaction.jta.platform.internal.NoJtaPlatform]
2025-01-11 21:10:29.667  INFO 90296 --- [main] c.e.decofolio.DecofolioApplication       : Started DecofolioApplication in 4.136 seconds (JVM running for 4.341)
2025-01-11 21:10:30.141  INFO 90296 --- [RMI TCP Connection(3)-127.0.0.1] o.a.c.c.C.[Tomcat].[localhost].[/]       : Initializing Spring DispatcherServlet 'dispatcherServlet'
2025-01-11 21:10:33.399  INFO 90296 --- [http-nio-8080-exec-10] o.springdoc.api.AbstractOpenApiResource  : Init duration for springdoc-openapi is: 149 ms
2025-01-11 21:17:16.713  INFO 90296 --- [SpringApplicationShutdownHook] com.zaxxer.hikari.HikariDataSource       : HikariPool-1 - Shutdown initiated...
2025-01-11 21:17:17.322  INFO 90296 --- [SpringApplicationShutdownHook] com.zaxxer.hikari.HikariDataSource       : HikariPool-1 - Shutdown completed.
2025-01-11 21:17:21.176  INFO 91079 --- [main] c.e.decofolio.DecofolioApplication       : Starting DecofolioApplication using Java 17.0.8 on sinbla78.local with PID 91079 (/Users/yanghuibeom/Desktop/Meeting/Decofolio/build/classes/java/main started by yanghuibeom in /Users/yanghuibeom/Desktop/Meeting/Decofolio)
2025-01-11 21:17:21.177  INFO 91079 --- [main] c.e.decofolio.DecofolioApplication       : No active profile set, falling back to 1 default profile: "default"
2025-01-11 21:17:22.041  INFO 91079 --- [main] o.apache.catalina.core.StandardService   : Starting service [Tomcat]
2025-01-11 21:17:22.041  INFO 91079 --- [main] org.apache.catalina.core.StandardEngine  : Starting Servlet engine: [Apache Tomcat/9.0.65]
2025-01-11 21:17:22.118  INFO 91079 --- [main] o.a.c.c.C.[Tomcat].[localhost].[/]       : Initializing Spring embedded WebApplicationContext
2025-01-11 21:17:22.237  INFO 91079 --- [main] o.hibernate.jpa.internal.util.LogHelper  : HHH000204: Processing PersistenceUnitInfo [name: default]
2025-01-11 21:17:22.257  INFO 91079 --- [main] org.hibernate.Version                    : HHH000412: Hibernate ORM core version 5.6.10.Final
2025-01-11 21:17:22.319  INFO 91079 --- [main] o.hibernate.annotations.common.Version   : HCANN000001: Hibernate Commons Annotations {5.1.2.Final}
2025-01-11 21:17:22.355  INFO 91079 --- [main] com.zaxxer.hikari.HikariDataSource       : HikariPool-1 - Starting...
2025-01-11 21:17:22.947  INFO 91079 --- [main] com.zaxxer.hikari.HikariDataSource       : HikariPool-1 - Start completed.
2025-01-11 21:17:22.954  INFO 91079 --- [main] org.hibernate.dialect.Dialect            : HHH000400: Using dialect: org.hibernate.dialect.MySQL5InnoDBDialect
2025-01-11 21:17:24.115  INFO 91079 --- [main] o.h.e.t.j.p.i.JtaPlatformInitiator       : HHH000490: Using JtaPlatform implementation: [org.hibernate.engine.transaction.jta.platform.internal.NoJtaPlatform]
2025-01-11 21:17:24.926  INFO 91079 --- [main] c.e.decofolio.DecofolioApplication       : Started DecofolioApplication in 3.96 seconds (JVM running for 4.163)
2025-01-11 21:17:25.064  INFO 91079 --- [RMI TCP Connection(3)-127.0.0.1] o.a.c.c.C.[Tomcat].[localhost].[/]       : Initializing Spring DispatcherServlet 'dispatcherServlet'
2025-01-11 21:17:51.214  INFO 91079 --- [http-nio-8080-exec-10] o.springdoc.api.AbstractOpenApiResource  : Init duration for springdoc-openapi is: 155 ms
2025-01-11 21:20:10.155  INFO 91079 --- [SpringApplicationShutdownHook] com.zaxxer.hikari.HikariDataSource       : HikariPool-1 - Shutdown initiated...
2025-01-11 21:20:10.753  INFO 91079 --- [SpringApplicationShutdownHook] com.zaxxer.hikari.HikariDataSource       : HikariPool-1 - Shutdown completed.
2025-01-11 21:20:27.182  INFO 91419 --- [main] c.e.decofolio.DecofolioApplication       : Starting DecofolioApplication using Java 17.0.8 on sinbla78.local with PID 91419 (/Users/yanghuibeom/Desktop/Meeting/Decofolio/build/classes/java/main started by yanghuibeom in /Users/yanghuibeom/Desktop/Meeting/Decofolio)
2025-01-11 21:20:27.183  INFO 91419 --- [main] c.e.decofolio.DecofolioApplication       : No active profile set, falling back to 1 default profile: "default"
2025-01-11 21:20:27.983  INFO 91419 --- [main] o.apache.catalina.core.StandardService   : Starting service [Tomcat]
2025-01-11 21:20:27.983  INFO 91419 --- [main] org.apache.catalina.core.StandardEngine  : Starting Servlet engine: [Apache Tomcat/9.0.65]
2025-01-11 21:20:28.030  INFO 91419 --- [main] o.a.c.c.C.[Tomcat].[localhost].[/]       : Initializing Spring embedded WebApplicationContext
2025-01-11 21:20:28.159  INFO 91419 --- [main] o.hibernate.jpa.internal.util.LogHelper  : HHH000204: Processing PersistenceUnitInfo [name: default]
2025-01-11 21:20:28.181  INFO 91419 --- [main] org.hibernate.Version                    : HHH000412: Hibernate ORM core version 5.6.10.Final
2025-01-11 21:20:28.249  INFO 91419 --- [main] o.hibernate.annotations.common.Version   : HCANN000001: Hibernate Commons Annotations {5.1.2.Final}
2025-01-11 21:20:28.286  INFO 91419 --- [main] com.zaxxer.hikari.HikariDataSource       : HikariPool-1 - Starting...
2025-01-11 21:20:28.856  INFO 91419 --- [main] com.zaxxer.hikari.HikariDataSource       : HikariPool-1 - Start completed.
2025-01-11 21:20:28.864  INFO 91419 --- [main] org.hibernate.dialect.Dialect            : HHH000400: Using dialect: org.hibernate.dialect.MySQL5InnoDBDialect
2025-01-11 21:20:30.411  INFO 91419 --- [main] o.h.e.t.j.p.i.JtaPlatformInitiator       : HHH000490: Using JtaPlatform implementation: [org.hibernate.engine.transaction.jta.platform.internal.NoJtaPlatform]
2025-01-11 21:20:31.269  INFO 91419 --- [main] c.e.decofolio.DecofolioApplication       : Started DecofolioApplication in 4.244 seconds (JVM running for 4.442)
2025-01-11 21:20:31.698  INFO 91419 --- [RMI TCP Connection(5)-127.0.0.1] o.a.c.c.C.[Tomcat].[localhost].[/]       : Initializing Spring DispatcherServlet 'dispatcherServlet'
2025-01-11 21:20:35.286  INFO 91419 --- [http-nio-8080-exec-10] o.springdoc.api.AbstractOpenApiResource  : Init duration for springdoc-openapi is: 136 ms
2025-01-11 21:23:16.088  INFO 91419 --- [SpringApplicationShutdownHook] com.zaxxer.hikari.HikariDataSource       : HikariPool-1 - Shutdown initiated...
2025-01-11 21:23:16.537  INFO 91419 --- [SpringApplicationShutdownHook] com.zaxxer.hikari.HikariDataSource       : HikariPool-1 - Shutdown completed.
2025-01-11 21:23:20.873  INFO 91693 --- [main] c.e.decofolio.DecofolioApplication       : Starting DecofolioApplication using Java 17.0.8 on sinbla78.local with PID 91693 (/Users/yanghuibeom/Desktop/Meeting/Decofolio/build/classes/java/main started by yanghuibeom in /Users/yanghuibeom/Desktop/Meeting/Decofolio)
2025-01-11 21:23:20.874  INFO 91693 --- [main] c.e.decofolio.DecofolioApplication       : No active profile set, falling back to 1 default profile: "default"
2025-01-11 21:23:21.663  INFO 91693 --- [main] o.apache.catalina.core.StandardService   : Starting service [Tomcat]
2025-01-11 21:23:21.663  INFO 91693 --- [main] org.apache.catalina.core.StandardEngine  : Starting Servlet engine: [Apache Tomcat/9.0.65]
2025-01-11 21:23:21.714  INFO 91693 --- [main] o.a.c.c.C.[Tomcat].[localhost].[/]       : Initializing Spring embedded WebApplicationContext
2025-01-11 21:23:21.831  INFO 91693 --- [main] o.hibernate.jpa.internal.util.LogHelper  : HHH000204: Processing PersistenceUnitInfo [name: default]
2025-01-11 21:23:21.849  INFO 91693 --- [main] org.hibernate.Version                    : HHH000412: Hibernate ORM core version 5.6.10.Final
2025-01-11 21:23:21.911  INFO 91693 --- [main] o.hibernate.annotations.common.Version   : HCANN000001: Hibernate Commons Annotations {5.1.2.Final}
2025-01-11 21:23:21.943  INFO 91693 --- [main] com.zaxxer.hikari.HikariDataSource       : HikariPool-1 - Starting...
2025-01-11 21:23:22.558  INFO 91693 --- [main] com.zaxxer.hikari.HikariDataSource       : HikariPool-1 - Start completed.
2025-01-11 21:23:22.565  INFO 91693 --- [main] org.hibernate.dialect.Dialect            : HHH000400: Using dialect: org.hibernate.dialect.MySQL5InnoDBDialect
2025-01-11 21:23:23.718  INFO 91693 --- [main] o.h.e.t.j.p.i.JtaPlatformInitiator       : HHH000490: Using JtaPlatform implementation: [org.hibernate.engine.transaction.jta.platform.internal.NoJtaPlatform]
2025-01-11 21:23:24.585  INFO 91693 --- [main] c.e.decofolio.DecofolioApplication       : Started DecofolioApplication in 3.864 seconds (JVM running for 4.071)
2025-01-11 21:23:24.807  INFO 91693 --- [RMI TCP Connection(2)-127.0.0.1] o.a.c.c.C.[Tomcat].[localhost].[/]       : Initializing Spring DispatcherServlet 'dispatcherServlet'
2025-01-11 21:23:27.521  INFO 91693 --- [http-nio-8080-exec-10] o.springdoc.api.AbstractOpenApiResource  : Init duration for springdoc-openapi is: 140 ms
2025-01-11 21:23:54.748 ERROR 91693 --- [http-nio-8080-exec-9] c.e.d.global.filter.ExceptionFilter      : org.springframework.web.util.NestedServletException: Request processing failed; nested exception is org.springframework.web.multipart.MultipartException: Failed to parse multipart servlet request; nested exception is java.io.IOException: org.apache.tomcat.util.http.fileupload.FileUploadException: the request was rejected because no multipart boundary was found
2025-01-11 21:24:03.106 ERROR 91693 --- [http-nio-8080-exec-8] c.e.d.global.filter.ExceptionFilter      : org.springframework.web.util.NestedServletException: Request processing failed; nested exception is org.springframework.web.multipart.MultipartException: Failed to parse multipart servlet request; nested exception is java.io.IOException: org.apache.tomcat.util.http.fileupload.FileUploadException: the request was rejected because no multipart boundary was found
2025-01-11 21:24:05.316 ERROR 91693 --- [http-nio-8080-exec-10] c.e.d.global.filter.ExceptionFilter      : org.springframework.web.util.NestedServletException: Request processing failed; nested exception is org.springframework.web.multipart.MultipartException: Failed to parse multipart servlet request; nested exception is java.io.IOException: org.apache.tomcat.util.http.fileupload.FileUploadException: the request was rejected because no multipart boundary was found
2025-01-11 21:24:41.787 ERROR 91693 --- [http-nio-8080-exec-4] c.e.d.global.filter.ExceptionFilter      : org.springframework.web.util.NestedServletException: Request processing failed; nested exception is org.springframework.web.multipart.MultipartException: Failed to parse multipart servlet request; nested exception is java.io.IOException: org.apache.tomcat.util.http.fileupload.FileUploadException: the request was rejected because no multipart boundary was found
2025-01-11 21:25:00.302  INFO 91693 --- [SpringApplicationShutdownHook] com.zaxxer.hikari.HikariDataSource       : HikariPool-1 - Shutdown initiated...
2025-01-11 21:25:01.052  INFO 91693 --- [SpringApplicationShutdownHook] com.zaxxer.hikari.HikariDataSource       : HikariPool-1 - Shutdown completed.
2025-01-11 21:25:03.562  INFO 91881 --- [main] c.e.decofolio.DecofolioApplication       : Starting DecofolioApplication using Java 17.0.8 on sinbla78.local with PID 91881 (/Users/yanghuibeom/Desktop/Meeting/Decofolio/build/classes/java/main started by yanghuibeom in /Users/yanghuibeom/Desktop/Meeting/Decofolio)
2025-01-11 21:25:03.563  INFO 91881 --- [main] c.e.decofolio.DecofolioApplication       : No active profile set, falling back to 1 default profile: "default"
2025-01-11 21:25:04.319  INFO 91881 --- [main] o.apache.catalina.core.StandardService   : Starting service [Tomcat]
2025-01-11 21:25:04.320  INFO 91881 --- [main] org.apache.catalina.core.StandardEngine  : Starting Servlet engine: [Apache Tomcat/9.0.65]
2025-01-11 21:25:04.363  INFO 91881 --- [main] o.a.c.c.C.[Tomcat].[localhost].[/]       : Initializing Spring embedded WebApplicationContext
2025-01-11 21:25:04.482  INFO 91881 --- [main] o.hibernate.jpa.internal.util.LogHelper  : HHH000204: Processing PersistenceUnitInfo [name: default]
2025-01-11 21:25:04.500  INFO 91881 --- [main] org.hibernate.Version                    : HHH000412: Hibernate ORM core version 5.6.10.Final
2025-01-11 21:25:04.555  INFO 91881 --- [main] o.hibernate.annotations.common.Version   : HCANN000001: Hibernate Commons Annotations {5.1.2.Final}
2025-01-11 21:25:04.588  INFO 91881 --- [main] com.zaxxer.hikari.HikariDataSource       : HikariPool-1 - Starting...
2025-01-11 21:25:05.263  INFO 91881 --- [main] com.zaxxer.hikari.HikariDataSource       : HikariPool-1 - Start completed.
2025-01-11 21:25:05.270  INFO 91881 --- [main] org.hibernate.dialect.Dialect            : HHH000400: Using dialect: org.hibernate.dialect.MySQL5InnoDBDialect
2025-01-11 21:25:06.538  INFO 91881 --- [main] o.h.e.t.j.p.i.JtaPlatformInitiator       : HHH000490: Using JtaPlatform implementation: [org.hibernate.engine.transaction.jta.platform.internal.NoJtaPlatform]
2025-01-11 21:25:07.435  INFO 91881 --- [main] c.e.decofolio.DecofolioApplication       : Started DecofolioApplication in 4.047 seconds (JVM running for 4.241)
2025-01-11 21:25:07.523  INFO 91881 --- [RMI TCP Connection(4)-127.0.0.1] o.a.c.c.C.[Tomcat].[localhost].[/]       : Initializing Spring DispatcherServlet 'dispatcherServlet'
2025-01-11 21:25:14.658  INFO 91881 --- [http-nio-8080-exec-10] o.springdoc.api.AbstractOpenApiResource  : Init duration for springdoc-openapi is: 144 ms
2025-01-11 21:25:25.387 ERROR 91881 --- [http-nio-8080-exec-4] c.e.d.global.filter.ExceptionFilter      : org.springframework.web.util.NestedServletException: Request processing failed; nested exception is org.springframework.web.multipart.MultipartException: Failed to parse multipart servlet request; nested exception is java.io.IOException: org.apache.tomcat.util.http.fileupload.FileUploadException: the request was rejected because no multipart boundary was found
2025-01-11 21:25:28.517 ERROR 91881 --- [http-nio-8080-exec-7] c.e.d.global.filter.ExceptionFilter      : org.springframework.web.util.NestedServletException: Request processing failed; nested exception is org.springframework.web.multipart.MultipartException: Failed to parse multipart servlet request; nested exception is java.io.IOException: org.apache.tomcat.util.http.fileupload.FileUploadException: the request was rejected because no multipart boundary was found
2025-01-11 21:26:50.593  INFO 91881 --- [SpringApplicationShutdownHook] com.zaxxer.hikari.HikariDataSource       : HikariPool-1 - Shutdown initiated...
2025-01-11 21:26:51.094  INFO 91881 --- [SpringApplicationShutdownHook] com.zaxxer.hikari.HikariDataSource       : HikariPool-1 - Shutdown completed.
2025-01-11 21:26:58.780  INFO 92076 --- [main] c.e.decofolio.DecofolioApplication       : Starting DecofolioApplication using Java 17.0.8 on sinbla78.local with PID 92076 (/Users/yanghuibeom/Desktop/Meeting/Decofolio/build/classes/java/main started by yanghuibeom in /Users/yanghuibeom/Desktop/Meeting/Decofolio)
2025-01-11 21:26:58.781  INFO 92076 --- [main] c.e.decofolio.DecofolioApplication       : No active profile set, falling back to 1 default profile: "default"
2025-01-11 21:26:59.550  INFO 92076 --- [main] o.apache.catalina.core.StandardService   : Starting service [Tomcat]
2025-01-11 21:26:59.551  INFO 92076 --- [main] org.apache.catalina.core.StandardEngine  : Starting Servlet engine: [Apache Tomcat/9.0.65]
2025-01-11 21:26:59.613  INFO 92076 --- [main] o.a.c.c.C.[Tomcat].[localhost].[/]       : Initializing Spring embedded WebApplicationContext
2025-01-11 21:26:59.750  INFO 92076 --- [main] o.hibernate.jpa.internal.util.LogHelper  : HHH000204: Processing PersistenceUnitInfo [name: default]
2025-01-11 21:26:59.770  INFO 92076 --- [main] org.hibernate.Version                    : HHH000412: Hibernate ORM core version 5.6.10.Final
2025-01-11 21:26:59.834  INFO 92076 --- [main] o.hibernate.annotations.common.Version   : HCANN000001: Hibernate Commons Annotations {5.1.2.Final}
2025-01-11 21:26:59.867  INFO 92076 --- [main] com.zaxxer.hikari.HikariDataSource       : HikariPool-1 - Starting...
2025-01-11 21:27:00.444  INFO 92076 --- [main] com.zaxxer.hikari.HikariDataSource       : HikariPool-1 - Start completed.
2025-01-11 21:27:00.451  INFO 92076 --- [main] org.hibernate.dialect.Dialect            : HHH000400: Using dialect: org.hibernate.dialect.MySQL5InnoDBDialect
2025-01-11 21:27:01.663  INFO 92076 --- [main] o.h.e.t.j.p.i.JtaPlatformInitiator       : HHH000490: Using JtaPlatform implementation: [org.hibernate.engine.transaction.jta.platform.internal.NoJtaPlatform]
2025-01-11 21:27:02.498  INFO 92076 --- [main] c.e.decofolio.DecofolioApplication       : Started DecofolioApplication in 3.877 seconds (JVM running for 4.081)
2025-01-11 21:27:02.747  INFO 92076 --- [RMI TCP Connection(7)-127.0.0.1] o.a.c.c.C.[Tomcat].[localhost].[/]       : Initializing Spring DispatcherServlet 'dispatcherServlet'
2025-01-11 21:27:32.669  INFO 92076 --- [http-nio-8080-exec-10] o.springdoc.api.AbstractOpenApiResource  : Init duration for springdoc-openapi is: 146 ms
2025-01-11 21:28:41.907  INFO 92076 --- [SpringApplicationShutdownHook] com.zaxxer.hikari.HikariDataSource       : HikariPool-1 - Shutdown initiated...
2025-01-11 21:28:42.458  INFO 92076 --- [SpringApplicationShutdownHook] com.zaxxer.hikari.HikariDataSource       : HikariPool-1 - Shutdown completed.
2025-01-11 21:28:46.750  INFO 92272 --- [main] c.e.decofolio.DecofolioApplication       : Starting DecofolioApplication using Java 17.0.8 on sinbla78.local with PID 92272 (/Users/yanghuibeom/Desktop/Meeting/Decofolio/build/classes/java/main started by yanghuibeom in /Users/yanghuibeom/Desktop/Meeting/Decofolio)
2025-01-11 21:28:46.751  INFO 92272 --- [main] c.e.decofolio.DecofolioApplication       : No active profile set, falling back to 1 default profile: "default"
2025-01-11 21:28:47.531  INFO 92272 --- [main] o.apache.catalina.core.StandardService   : Starting service [Tomcat]
2025-01-11 21:28:47.531  INFO 92272 --- [main] org.apache.catalina.core.StandardEngine  : Starting Servlet engine: [Apache Tomcat/9.0.65]
2025-01-11 21:28:47.575  INFO 92272 --- [main] o.a.c.c.C.[Tomcat].[localhost].[/]       : Initializing Spring embedded WebApplicationContext
2025-01-11 21:28:47.694  INFO 92272 --- [main] o.hibernate.jpa.internal.util.LogHelper  : HHH000204: Processing PersistenceUnitInfo [name: default]
2025-01-11 21:28:47.712  INFO 92272 --- [main] org.hibernate.Version                    : HHH000412: Hibernate ORM core version 5.6.10.Final
2025-01-11 21:28:47.773  INFO 92272 --- [main] o.hibernate.annotations.common.Version   : HCANN000001: Hibernate Commons Annotations {5.1.2.Final}
2025-01-11 21:28:47.806  INFO 92272 --- [main] com.zaxxer.hikari.HikariDataSource       : HikariPool-1 - Starting...
2025-01-11 21:28:48.388  INFO 92272 --- [main] com.zaxxer.hikari.HikariDataSource       : HikariPool-1 - Start completed.
2025-01-11 21:28:48.396  INFO 92272 --- [main] org.hibernate.dialect.Dialect            : HHH000400: Using dialect: org.hibernate.dialect.MySQL5InnoDBDialect
2025-01-11 21:28:49.817  INFO 92272 --- [main] o.h.e.t.j.p.i.JtaPlatformInitiator       : HHH000490: Using JtaPlatform implementation: [org.hibernate.engine.transaction.jta.platform.internal.NoJtaPlatform]
2025-01-11 21:28:50.718  INFO 92272 --- [main] c.e.decofolio.DecofolioApplication       : Started DecofolioApplication in 4.13 seconds (JVM running for 4.339)
2025-01-11 21:28:51.216  INFO 92272 --- [RMI TCP Connection(5)-127.0.0.1] o.a.c.c.C.[Tomcat].[localhost].[/]       : Initializing Spring DispatcherServlet 'dispatcherServlet'
2025-01-11 21:28:56.658  INFO 92272 --- [http-nio-8080-exec-10] o.springdoc.api.AbstractOpenApiResource  : Init duration for springdoc-openapi is: 150 ms
2025-01-11 21:31:20.039  INFO 92272 --- [SpringApplicationShutdownHook] com.zaxxer.hikari.HikariDataSource       : HikariPool-1 - Shutdown initiated...
2025-01-11 21:31:20.357  INFO 92272 --- [SpringApplicationShutdownHook] com.zaxxer.hikari.HikariDataSource       : HikariPool-1 - Shutdown completed.
2025-01-11 21:31:23.627  INFO 92536 --- [main] c.e.decofolio.DecofolioApplication       : Starting DecofolioApplication using Java 17.0.8 on sinbla78.local with PID 92536 (/Users/yanghuibeom/Desktop/Meeting/Decofolio/build/classes/java/main started by yanghuibeom in /Users/yanghuibeom/Desktop/Meeting/Decofolio)
2025-01-11 21:31:23.628  INFO 92536 --- [main] c.e.decofolio.DecofolioApplication       : No active profile set, falling back to 1 default profile: "default"
2025-01-11 21:31:24.444  INFO 92536 --- [main] o.apache.catalina.core.StandardService   : Starting service [Tomcat]
2025-01-11 21:31:24.445  INFO 92536 --- [main] org.apache.catalina.core.StandardEngine  : Starting Servlet engine: [Apache Tomcat/9.0.65]
2025-01-11 21:31:24.490  INFO 92536 --- [main] o.a.c.c.C.[Tomcat].[localhost].[/]       : Initializing Spring embedded WebApplicationContext
2025-01-11 21:31:24.610  INFO 92536 --- [main] o.hibernate.jpa.internal.util.LogHelper  : HHH000204: Processing PersistenceUnitInfo [name: default]
2025-01-11 21:31:24.628  INFO 92536 --- [main] org.hibernate.Version                    : HHH000412: Hibernate ORM core version 5.6.10.Final
2025-01-11 21:31:24.688  INFO 92536 --- [main] o.hibernate.annotations.common.Version   : HCANN000001: Hibernate Commons Annotations {5.1.2.Final}
2025-01-11 21:31:24.725  INFO 92536 --- [main] com.zaxxer.hikari.HikariDataSource       : HikariPool-1 - Starting...
2025-01-11 21:31:25.128  INFO 92536 --- [main] com.zaxxer.hikari.HikariDataSource       : HikariPool-1 - Start completed.
2025-01-11 21:31:25.135  INFO 92536 --- [main] org.hibernate.dialect.Dialect            : HHH000400: Using dialect: org.hibernate.dialect.MySQL5InnoDBDialect
2025-01-11 21:31:26.322  INFO 92536 --- [main] o.h.e.t.j.p.i.JtaPlatformInitiator       : HHH000490: Using JtaPlatform implementation: [org.hibernate.engine.transaction.jta.platform.internal.NoJtaPlatform]
2025-01-11 21:31:27.184  INFO 92536 --- [main] c.e.decofolio.DecofolioApplication       : Started DecofolioApplication in 3.712 seconds (JVM running for 3.928)
2025-01-11 21:31:27.660  INFO 92536 --- [RMI TCP Connection(8)-127.0.0.1] o.a.c.c.C.[Tomcat].[localhost].[/]       : Initializing Spring DispatcherServlet 'dispatcherServlet'
2025-01-11 21:31:34.186  INFO 92536 --- [http-nio-8080-exec-10] o.springdoc.api.AbstractOpenApiResource  : Init duration for springdoc-openapi is: 269 ms
2025-01-11 21:34:31.427  INFO 92536 --- [SpringApplicationShutdownHook] com.zaxxer.hikari.HikariDataSource       : HikariPool-1 - Shutdown initiated...
2025-01-11 21:34:31.823  INFO 92536 --- [SpringApplicationShutdownHook] com.zaxxer.hikari.HikariDataSource       : HikariPool-1 - Shutdown completed.
2025-01-11 21:37:47.045  INFO 93187 --- [main] c.e.decofolio.DecofolioApplication       : Starting DecofolioApplication using Java 17.0.8 on sinbla78.local with PID 93187 (/Users/yanghuibeom/Desktop/Meeting/Decofolio/build/classes/java/main started by yanghuibeom in /Users/yanghuibeom/Desktop/Meeting/Decofolio)
2025-01-11 21:37:47.047  INFO 93187 --- [main] c.e.decofolio.DecofolioApplication       : No active profile set, falling back to 1 default profile: "default"
2025-01-11 21:37:48.000  INFO 93187 --- [main] o.apache.catalina.core.StandardService   : Starting service [Tomcat]
2025-01-11 21:37:48.000  INFO 93187 --- [main] org.apache.catalina.core.StandardEngine  : Starting Servlet engine: [Apache Tomcat/9.0.65]
2025-01-11 21:37:48.071  INFO 93187 --- [main] o.a.c.c.C.[Tomcat].[localhost].[/]       : Initializing Spring embedded WebApplicationContext
2025-01-11 21:37:48.244  INFO 93187 --- [main] o.hibernate.jpa.internal.util.LogHelper  : HHH000204: Processing PersistenceUnitInfo [name: default]
2025-01-11 21:37:48.278  INFO 93187 --- [main] org.hibernate.Version                    : HHH000412: Hibernate ORM core version 5.6.10.Final
2025-01-11 21:37:48.367  INFO 93187 --- [main] o.hibernate.annotations.common.Version   : HCANN000001: Hibernate Commons Annotations {5.1.2.Final}
2025-01-11 21:37:48.410  INFO 93187 --- [main] com.zaxxer.hikari.HikariDataSource       : HikariPool-1 - Starting...
2025-01-11 21:37:49.495  INFO 93187 --- [main] com.zaxxer.hikari.HikariDataSource       : HikariPool-1 - Start completed.
2025-01-11 21:37:49.506  INFO 93187 --- [main] org.hibernate.dialect.Dialect            : HHH000400: Using dialect: org.hibernate.dialect.MySQL5InnoDBDialect
2025-01-11 21:37:50.694  INFO 93187 --- [main] o.h.e.t.j.p.i.JtaPlatformInitiator       : HHH000490: Using JtaPlatform implementation: [org.hibernate.engine.transaction.jta.platform.internal.NoJtaPlatform]
2025-01-11 21:37:51.701  INFO 93187 --- [main] c.e.decofolio.DecofolioApplication       : Started DecofolioApplication in 4.813 seconds (JVM running for 5.023)
2025-01-11 21:37:52.120  INFO 93187 --- [RMI TCP Connection(10)-127.0.0.1] o.a.c.c.C.[Tomcat].[localhost].[/]       : Initializing Spring DispatcherServlet 'dispatcherServlet'
2025-01-11 21:37:52.565  INFO 93187 --- [http-nio-8080-exec-10] o.springdoc.api.AbstractOpenApiResource  : Init duration for springdoc-openapi is: 157 ms
2025-01-11 21:41:29.321  INFO 93187 --- [SpringApplicationShutdownHook] com.zaxxer.hikari.HikariDataSource       : HikariPool-1 - Shutdown initiated...
2025-01-11 21:41:29.875  INFO 93187 --- [SpringApplicationShutdownHook] com.zaxxer.hikari.HikariDataSource       : HikariPool-1 - Shutdown completed.
2025-01-11 21:41:32.781  INFO 93513 --- [main] c.e.decofolio.DecofolioApplication       : Starting DecofolioApplication using Java 17.0.8 on sinbla78.local with PID 93513 (/Users/yanghuibeom/Desktop/Meeting/Decofolio/build/classes/java/main started by yanghuibeom in /Users/yanghuibeom/Desktop/Meeting/Decofolio)
2025-01-11 21:41:32.782  INFO 93513 --- [main] c.e.decofolio.DecofolioApplication       : No active profile set, falling back to 1 default profile: "default"
2025-01-11 21:41:33.573  INFO 93513 --- [main] o.apache.catalina.core.StandardService   : Starting service [Tomcat]
2025-01-11 21:41:33.574  INFO 93513 --- [main] org.apache.catalina.core.StandardEngine  : Starting Servlet engine: [Apache Tomcat/9.0.65]
2025-01-11 21:41:33.616  INFO 93513 --- [main] o.a.c.c.C.[Tomcat].[localhost].[/]       : Initializing Spring embedded WebApplicationContext
2025-01-11 21:41:33.730  INFO 93513 --- [main] o.hibernate.jpa.internal.util.LogHelper  : HHH000204: Processing PersistenceUnitInfo [name: default]
2025-01-11 21:41:33.748  INFO 93513 --- [main] org.hibernate.Version                    : HHH000412: Hibernate ORM core version 5.6.10.Final
2025-01-11 21:41:33.809  INFO 93513 --- [main] o.hibernate.annotations.common.Version   : HCANN000001: Hibernate Commons Annotations {5.1.2.Final}
2025-01-11 21:41:33.843  INFO 93513 --- [main] com.zaxxer.hikari.HikariDataSource       : HikariPool-1 - Starting...
2025-01-11 21:41:34.509  INFO 93513 --- [main] com.zaxxer.hikari.HikariDataSource       : HikariPool-1 - Start completed.
2025-01-11 21:41:34.519  INFO 93513 --- [main] org.hibernate.dialect.Dialect            : HHH000400: Using dialect: org.hibernate.dialect.MySQL5InnoDBDialect
2025-01-11 21:41:35.930  INFO 93513 --- [main] o.h.e.t.j.p.i.JtaPlatformInitiator       : HHH000490: Using JtaPlatform implementation: [org.hibernate.engine.transaction.jta.platform.internal.NoJtaPlatform]
2025-01-11 21:41:36.821  INFO 93513 --- [main] c.e.decofolio.DecofolioApplication       : Started DecofolioApplication in 4.204 seconds (JVM running for 4.444)
2025-01-11 21:41:37.074  INFO 93513 --- [RMI TCP Connection(7)-127.0.0.1] o.a.c.c.C.[Tomcat].[localhost].[/]       : Initializing Spring DispatcherServlet 'dispatcherServlet'
2025-01-11 21:41:42.254  INFO 93513 --- [http-nio-8080-exec-10] o.springdoc.api.AbstractOpenApiResource  : Init duration for springdoc-openapi is: 148 ms
2025-01-11 21:42:05.671  INFO 93513 --- [SpringApplicationShutdownHook] com.zaxxer.hikari.HikariDataSource       : HikariPool-1 - Shutdown initiated...
2025-01-11 21:42:06.144  INFO 93513 --- [SpringApplicationShutdownHook] com.zaxxer.hikari.HikariDataSource       : HikariPool-1 - Shutdown completed.
2025-01-11 21:42:19.168  INFO 93617 --- [main] c.e.decofolio.DecofolioApplication       : Starting DecofolioApplication using Java 17.0.8 on sinbla78.local with PID 93617 (/Users/yanghuibeom/Desktop/Meeting/Decofolio/build/classes/java/main started by yanghuibeom in /Users/yanghuibeom/Desktop/Meeting/Decofolio)
2025-01-11 21:42:19.169  INFO 93617 --- [main] c.e.decofolio.DecofolioApplication       : No active profile set, falling back to 1 default profile: "default"
2025-01-11 21:42:20.140  INFO 93617 --- [main] o.apache.catalina.core.StandardService   : Starting service [Tomcat]
2025-01-11 21:42:20.141  INFO 93617 --- [main] org.apache.catalina.core.StandardEngine  : Starting Servlet engine: [Apache Tomcat/9.0.65]
2025-01-11 21:42:20.196  INFO 93617 --- [main] o.a.c.c.C.[Tomcat].[localhost].[/]       : Initializing Spring embedded WebApplicationContext
2025-01-11 21:42:20.318  INFO 93617 --- [main] o.hibernate.jpa.internal.util.LogHelper  : HHH000204: Processing PersistenceUnitInfo [name: default]
2025-01-11 21:42:20.342  INFO 93617 --- [main] org.hibernate.Version                    : HHH000412: Hibernate ORM core version 5.6.10.Final
2025-01-11 21:42:20.437  INFO 93617 --- [main] o.hibernate.annotations.common.Version   : HCANN000001: Hibernate Commons Annotations {5.1.2.Final}
2025-01-11 21:42:20.481  INFO 93617 --- [main] com.zaxxer.hikari.HikariDataSource       : HikariPool-1 - Starting...
2025-01-11 21:42:21.226  INFO 93617 --- [main] com.zaxxer.hikari.HikariDataSource       : HikariPool-1 - Start completed.
2025-01-11 21:42:21.235  INFO 93617 --- [main] org.hibernate.dialect.Dialect            : HHH000400: Using dialect: org.hibernate.dialect.MySQL5InnoDBDialect
2025-01-11 21:42:22.490  INFO 93617 --- [main] o.h.e.t.j.p.i.JtaPlatformInitiator       : HHH000490: Using JtaPlatform implementation: [org.hibernate.engine.transaction.jta.platform.internal.NoJtaPlatform]
2025-01-11 21:42:23.407  INFO 93617 --- [main] c.e.decofolio.DecofolioApplication       : Started DecofolioApplication in 4.409 seconds (JVM running for 4.615)
2025-01-11 21:42:23.645  INFO 93617 --- [RMI TCP Connection(3)-127.0.0.1] o.a.c.c.C.[Tomcat].[localhost].[/]       : Initializing Spring DispatcherServlet 'dispatcherServlet'
